Arguments: 
  /usr/local/bin/node /usr/local/bin/yarn init

PATH: 
  /usr/local/bin:/usr/bin:/bin:/usr/sbin:/sbin:/Library/Apple/usr/bin

Yarn version: 
  1.22.10

Node version: 
  14.15.4

Platform: 
  darwin x64

Trace: 
  Error: canceled
      at Interface.<anonymous> (/usr/local/lib/node_modules/yarn/lib/cli.js:136216:13)
      at Interface.emit (events.js:315:20)
      at Interface._ttyWrite (readline.js:875:16)
      at ReadStream.onkeypress (readline.js:213:10)
      at ReadStream.emit (events.js:315:20)
      at emitKeys (internal/readline/utils.js:345:14)
      at emitKeys.next (<anonymous>)
      at ReadStream.onData (readline.js:1144:36)
      at ReadStream.emit (events.js:315:20)
      at addChunk (internal/streams/readable.js:309:12)

npm manifest: 
  {
    "name": "my-electron-app",
    "version": "1.0.0",
    "permissions": [
      "webRequest",
      "<all_urls>"
    ],
    "description": "",
    "main": "main.js",
    "scripts": {
      "start": "electron ."
    },
    "keywords": [
      "Electron",
      "webview"
    ],
    "author": "kaoutar",
    "license": "MIT",
    "devDependencies": {
      "electron": "^11.3.0",
      "typescript": "^3.7.3"
    },
    "dependencies": {
      "node-require": "0.0.10"
    }
  }

yarn manifest: 
  No manifest

Lockfile: 
  No lockfile
